<?xml version="1.0" encoding="UTF-8"?>
<testsuite name="runners.BestBuscadorRunner" tests="0" skipped="0" failures="0" errors="0" timestamp="1970-01-01T00:00:00" hostname="DESKTOP-BLMI9HO" time="0.0">
  <properties/>
  <system-out><![CDATA[
5 Scenarios (?[32m5 passed?[0m)
15 Steps (?[32m15 passed?[0m)
8m55,343s

]]></system-out>
  <system-err><![CDATA[[Test worker] INFO net.thucydides.core.steps.ConsoleLoggingListener - Test Suite Started: Buscador BestBuy 5
[Test worker] INFO net.thucydides.core.steps.ConsoleLoggingListener - 
 _____ _____ ____ _____   ____ _____  _    ____ _____ _____ ____  
|_   _| ____/ ___|_   _| / ___|_   _|/ \  |  _ \_   _| ____|  _ \ 
  | | |  _| \___ \ | |   \___ \ | | / _ \ | |_) || | |  _| | | | |
  | | | |___ ___) || |    ___) || |/ ___ \|  _ < | | | |___| |_| |
  |_| |_____|____/ |_|   |____/ |_/_/   \_\_| \_\|_| |_____|____/ 
                                                                  

TEST STARTED: Buscar Producto en el buscador de BestBuy Beats by Dr. Dre - Solo Pro Wireless Noise Cancelling On-Ear Headphones - Black
-------------------------------------------------------------------(buscador-bestbuy-5;buscar-producto-en-el-buscador-de-bestbuy-beats-by-dr.-dre---solo-pro-wireless-noise-cancelling-on-ear-headphones---black)
]]></system-err>
</testsuite>
