<?xml version="1.0" encoding="UTF-8"?>
<testsuite name="Buscador BestBuy Aleatorio" tests="1" skipped="0" failures="0" errors="0" timestamp="2021-06-17T02:29:33" hostname="DESKTOP-BLMI9HO" time="214.256">
  <properties/>
  <testcase name="Buscar Producto aleatorio en la pagina de BestBuy" classname="Buscador BestBuy Aleatorio" time="214.256"/>
  <system-out><![CDATA[]]></system-out>
  <system-err><![CDATA[jun 16, 2021 9:29:35 PM org.openqa.selenium.remote.DesiredCapabilities chrome
INFORMACIÓN: Using `new ChromeOptions()` is preferred to `DesiredCapabilities.chrome()`
Starting ChromeDriver 91.0.4472.19 (1bf021f248676a0b2ab3ee0561d83a59e424c23e-refs/branch-heads/4472@{#288}) on port 6475
Only local connections are allowed.
Please see https://chromedriver.chromium.org/security-considerations for suggestions on keeping ChromeDriver safe.
ChromeDriver was started successfully.
jun 16, 2021 9:30:16 PM org.openqa.selenium.remote.ProtocolHandshake createSession
INFORMACIÓN: Detected dialect: W3C
[Test worker] INFO net.thucydides.core.steps.ConsoleLoggingListener - 
        __    _____ _____ ____ _____   ____   _    ____  ____  _____ ____  
  _     \ \  |_   _| ____/ ___|_   _| |  _ \ / \  / ___|/ ___|| ____|  _ \ 
 (_)_____| |   | | |  _| \___ \ | |   | |_) / _ \ \___ \\___ \|  _| | | | |
  _|_____| |   | | | |___ ___) || |   |  __/ ___ \ ___) |___) | |___| |_| |
 (_)     | |   |_| |_____|____/ |_|   |_| /_/   \_\____/|____/|_____|____/ 
        /_/                                                                

TEST PASSED: Buscar Producto aleatorio en la pagina de BestBuy
----------------------------------------------------------------------------
]]></system-err>
</testsuite>
